This file contains any messages produced by compilers while
running configure, to aid debugging if configure makes a mistake.

It was created by haggle configure 0.4, which was
generated by GNU Autoconf 2.61.  Invocation command line was

  $ ./configure 

## --------- ##
## Platform. ##
## --------- ##

hostname = dynamic-oit-vapornet-d-619.princeton.edu
uname -m = x86_64
uname -r = 11.2.0
uname -s = Darwin
uname -v = Darwin Kernel Version 11.2.0: Tue Aug  9 20:54:00 PDT 2011; root:xnu-1699.24.8~1/RELEASE_X86_64

/usr/bin/uname -p = i386
/bin/uname -X     = unknown

/bin/arch              = unknown
/usr/bin/arch -k       = unknown
/usr/convex/getsysinfo = unknown
/usr/bin/hostinfo      = Mach kernel version:
	 Darwin Kernel Version 11.2.0: Tue Aug  9 20:54:00 PDT 2011; root:xnu-1699.24.8~1/RELEASE_X86_64
Kernel configured for up to 2 processors.
2 processors are physically available.
2 processors are logically available.
Processor type: i486 (Intel 80486)
Processors active: 0 1
Primary memory available: 4.00 gigabytes
Default processor set: 94 tasks, 549 threads, 2 processors
Load average: 2.66, Mach factor: 0.90
/bin/machine           = unknown
/usr/bin/oslevel       = unknown
/bin/universe          = unknown

PATH: /Library/Frameworks/Python.framework/Versions/3.2/bin
PATH: /opt/subersion/bin
PATH: /Library/Frameworks/Python.framework/Versions/Current/bin
PATH: /usr/bin
PATH: /bin
PATH: /usr/sbin
PATH: /sbin
PATH: /usr/local/bin
PATH: /usr/X11/bin
PATH: /Applications/android-sdk-mac_x86/tools
PATH: /usr/local/git/bin
PATH: /Developer/usr/bin


## ----------- ##
## Core tests. ##
## ----------- ##

configure:1945: checking build system type
configure:1963: result: i386-apple-darwin11.2.0
configure:1985: checking host system type
configure:2000: result: i386-apple-darwin11.2.0
configure:2022: checking target system type
configure:2037: result: i386-apple-darwin11.2.0
configure:2081: checking for a BSD-compatible install
configure:2137: result: /usr/bin/install -c
configure:2148: checking whether build environment is sane
configure:2191: result: yes
configure:2219: checking for a thread-safe mkdir -p
configure:2258: result: ./install-sh -c -d
configure:2271: checking for gawk
configure:2301: result: no
configure:2271: checking for mawk
configure:2301: result: no
configure:2271: checking for nawk
configure:2301: result: no
configure:2271: checking for awk
configure:2287: found /usr/bin/awk
configure:2298: result: awk
configure:2309: checking whether make sets $(MAKE)
configure:2330: result: yes
configure:2572: checking for gcc
configure:2588: found /usr/bin/gcc
configure:2599: result: gcc
configure:2837: checking for C compiler version
configure:2844: gcc --version >&5
i686-apple-darwin11-llvm-gcc-4.2 (GCC) 4.2.1 (Based on Apple Inc. build 5658) (LLVM build 2336.1.00)
Copyright (C) 2007 Free Software Foundation, Inc.
This is free software; see the source for copying conditions.  There is NO
warranty; not even for MERCHANTABILITY or FITNESS FOR A PARTICULAR PURPOSE.

configure:2847: $? = 0
configure:2854: gcc -v >&5
Using built-in specs.
Target: i686-apple-darwin11
Configured with: /private/var/tmp/llvmgcc42/llvmgcc42-2336.1~1/src/configure --disable-checking --enable-werror --prefix=/Developer/usr/llvm-gcc-4.2 --mandir=/share/man --enable-languages=c,objc,c++,obj-c++ --program-prefix=llvm- --program-transform-name=/^[cg][^.-]*$/s/$/-4.2/ --with-slibdir=/usr/lib --build=i686-apple-darwin11 --enable-llvm=/private/var/tmp/llvmgcc42/llvmgcc42-2336.1~1/dst-llvmCore/Developer/usr/local --program-prefix=i686-apple-darwin11- --host=x86_64-apple-darwin11 --target=i686-apple-darwin11 --with-gxx-include-dir=/usr/include/c++/4.2.1
Thread model: posix
gcc version 4.2.1 (Based on Apple Inc. build 5658) (LLVM build 2336.1.00)
configure:2857: $? = 0
configure:2864: gcc -V >&5
llvm-gcc-4.2: argument to `-V' is missing
configure:2867: $? = 1
configure:2890: checking for C compiler default output file name
configure:2917: gcc    conftest.c  >&5
configure:2920: $? = 0
configure:2958: result: a.out
configure:2975: checking whether the C compiler works
configure:2985: ./a.out
configure:2988: $? = 0
configure:3005: result: yes
configure:3012: checking whether we are cross compiling
configure:3014: result: no
configure:3017: checking for suffix of executables
configure:3024: gcc -o conftest    conftest.c  >&5
configure:3027: $? = 0
configure:3051: result: 
configure:3057: checking for suffix of object files
configure:3083: gcc -c   conftest.c >&5
configure:3086: $? = 0
configure:3109: result: o
configure:3113: checking whether we are using the GNU C compiler
configure:3142: gcc -c   conftest.c >&5
configure:3148: $? = 0
configure:3165: result: yes
configure:3170: checking whether gcc accepts -g
configure:3200: gcc -c -g  conftest.c >&5
configure:3206: $? = 0
configure:3305: result: yes
configure:3322: checking for gcc option to accept ISO C89
configure:3396: gcc  -c -g -O2  conftest.c >&5
configure:3402: $? = 0
configure:3425: result: none needed
configure:3454: checking for style of include used by make
configure:3482: result: GNU
configure:3507: checking dependency style of gcc
configure:3598: result: gcc3
configure:3671: checking for g++
configure:3687: found /usr/bin/g++
configure:3698: result: g++
configure:3729: checking for C++ compiler version
configure:3736: g++ --version >&5
i686-apple-darwin11-llvm-g++-4.2 (GCC) 4.2.1 (Based on Apple Inc. build 5658) (LLVM build 2336.1.00)
Copyright (C) 2007 Free Software Foundation, Inc.
This is free software; see the source for copying conditions.  There is NO
warranty; not even for MERCHANTABILITY or FITNESS FOR A PARTICULAR PURPOSE.

configure:3739: $? = 0
configure:3746: g++ -v >&5
Using built-in specs.
Target: i686-apple-darwin11
Configured with: /private/var/tmp/llvmgcc42/llvmgcc42-2336.1~1/src/configure --disable-checking --enable-werror --prefix=/Developer/usr/llvm-gcc-4.2 --mandir=/share/man --enable-languages=c,objc,c++,obj-c++ --program-prefix=llvm- --program-transform-name=/^[cg][^.-]*$/s/$/-4.2/ --with-slibdir=/usr/lib --build=i686-apple-darwin11 --enable-llvm=/private/var/tmp/llvmgcc42/llvmgcc42-2336.1~1/dst-llvmCore/Developer/usr/local --program-prefix=i686-apple-darwin11- --host=x86_64-apple-darwin11 --target=i686-apple-darwin11 --with-gxx-include-dir=/usr/include/c++/4.2.1
Thread model: posix
gcc version 4.2.1 (Based on Apple Inc. build 5658) (LLVM build 2336.1.00)
configure:3749: $? = 0
configure:3756: g++ -V >&5
llvm-g++-4.2: argument to `-V' is missing
configure:3759: $? = 1
configure:3762: checking whether we are using the GNU C++ compiler
configure:3791: g++ -c   conftest.cpp >&5
configure:3797: $? = 0
configure:3814: result: yes
configure:3819: checking whether g++ accepts -g
configure:3849: g++ -c -g  conftest.cpp >&5
configure:3855: $? = 0
configure:3954: result: yes
configure:3979: checking dependency style of g++
configure:4070: result: gcc3
configure:4090: checking how to run the C preprocessor
configure:4130: gcc -E  conftest.c
configure:4136: $? = 0
configure:4167: gcc -E  conftest.c
conftest.c:10:28: error: ac_nonexistent.h: No such file or directory
configure:4173: $? = 1
configure: failed program was:
| /* confdefs.h.  */
| #define PACKAGE_NAME "haggle"
| #define PACKAGE_TARNAME "haggle"
| #define PACKAGE_VERSION "0.4"
| #define PACKAGE_STRING "haggle 0.4"
| #define PACKAGE_BUGREPORT "haggle-developer@googlegroups.com"
| #define PACKAGE "haggle"
| #define VERSION "0.4"
| /* end confdefs.h.  */
| #include <ac_nonexistent.h>
configure:4206: result: gcc -E
configure:4235: gcc -E  conftest.c
configure:4241: $? = 0
configure:4272: gcc -E  conftest.c
conftest.c:10:28: error: ac_nonexistent.h: No such file or directory
configure:4278: $? = 1
configure: failed program was:
| /* confdefs.h.  */
| #define PACKAGE_NAME "haggle"
| #define PACKAGE_TARNAME "haggle"
| #define PACKAGE_VERSION "0.4"
| #define PACKAGE_STRING "haggle 0.4"
| #define PACKAGE_BUGREPORT "haggle-developer@googlegroups.com"
| #define PACKAGE "haggle"
| #define VERSION "0.4"
| /* end confdefs.h.  */
| #include <ac_nonexistent.h>
configure:4361: checking how to print strings
configure:4388: result: printf
configure:4409: checking for a sed that does not truncate output
configure:4488: result: /usr/bin/sed
configure:4506: checking for grep that handles long lines and -e
configure:4580: result: /usr/bin/grep
configure:4585: checking for egrep
configure:4663: result: /usr/bin/grep -E
configure:4668: checking for fgrep
configure:4746: result: /usr/bin/grep -F
configure:4781: checking for ld used by gcc
configure:4848: result: /usr/llvm-gcc-4.2/libexec/gcc/i686-apple-darwin11/4.2.1/ld
configure:4857: checking if the linker (/usr/llvm-gcc-4.2/libexec/gcc/i686-apple-darwin11/4.2.1/ld) is GNU ld
configure:4872: result: no
configure:4884: checking for BSD- or MS-compatible name lister (nm)
configure:4933: result: /usr/bin/nm
configure:5067: checking the name lister (/usr/bin/nm) interface
configure:5074: gcc -c -g -O2  conftest.c >&5
configure:5077: /usr/bin/nm "conftest.o"
configure:5080: output
00000000000001dc S _some_variable
configure:5087: result: BSD nm
configure:5090: checking whether ln -s works
configure:5094: result: yes
configure:5102: checking the maximum length of command line arguments
configure:5227: result: 196608
configure:5244: checking whether the shell understands some XSI constructs
configure:5254: result: yes
configure:5258: checking whether the shell understands "+="
configure:5264: result: yes
configure:5299: checking for /usr/llvm-gcc-4.2/libexec/gcc/i686-apple-darwin11/4.2.1/ld option to reload object files
configure:5306: result: -r
configure:5375: checking for objdump
configure:5405: result: no
configure:5438: checking how to recognize dependent libraries
configure:5640: result: pass_all
configure:5700: checking for ar
configure:5716: found /usr/bin/ar
configure:5727: result: ar
configure:5809: checking for strip
configure:5825: found /usr/bin/strip
configure:5836: result: strip
configure:5912: checking for ranlib
configure:5928: found /usr/bin/ranlib
configure:5939: result: ranlib
configure:6045: checking command to parse /usr/bin/nm output from gcc object
configure:6163: gcc -c -g -O2  conftest.c >&5
configure:6166: $? = 0
configure:6170: /usr/bin/nm conftest.o \| sed -n -e 's/^.*[ ]\([BCDEGRST][BCDEGRST]*\)[ ][ ]*\([_A-Za-z][_A-Za-z0-9]*\)$/\1 \2 \2/p' \> conftest.nm
configure:6173: $? = 0
cannot find nm_test_var in conftest.nm
configure:6163: gcc -c -g -O2  conftest.c >&5
configure:6166: $? = 0
configure:6170: /usr/bin/nm conftest.o \| sed -n -e 's/^.*[ ]\([BCDEGRST][BCDEGRST]*\)[ ][ ]*_\([_A-Za-z][_A-Za-z0-9]*\)$/\1 _\2 \2/p' \> conftest.nm
configure:6173: $? = 0
configure:6227: gcc -o conftest -g -O2   conftest.c conftstm.o >&5
configure:6230: $? = 0
configure:6268: result: ok
configure:6558: checking for dsymutil
configure:6574: found /usr/bin/dsymutil
configure:6585: result: dsymutil
configure:6654: checking for nmedit
configure:6670: found /usr/bin/nmedit
configure:6681: result: nmedit
configure:6750: checking for lipo
configure:6766: found /usr/bin/lipo
configure:6777: result: lipo
configure:6846: checking for otool
configure:6862: found /usr/bin/otool
configure:6873: result: otool
configure:6942: checking for otool64
configure:6972: result: no
configure:7021: checking for -single_module linker flag
gcc -g -O2  -o libconftest.dylib -dynamiclib -Wl,-single_module conftest.c
configure:7048: result: yes
configure:7050: checking for -exported_symbols_list linker flag
configure:7080: gcc -o conftest -g -O2   -Wl,-exported_symbols_list,conftest.sym conftest.c  >&5
configure:7086: $? = 0
configure:7105: result: yes
configure:7107: checking for -force_load linker flag
gcc -g -O2 -c -o conftest.o conftest.c
ar cru libconftest.a conftest.o
ranlib libconftest.a
gcc -g -O2  -o conftest conftest.c -Wl,-force_load,./libconftest.a
configure:7137: result: yes
configure:7175: checking for ANSI C header files
configure:7205: gcc -c -g -O2  conftest.c >&5
configure:7211: $? = 0
configure:7310: gcc -o conftest -g -O2   conftest.c  >&5
configure:7313: $? = 0
configure:7319: ./conftest
configure:7322: $? = 0
configure:7339: result: yes
configure:7363: checking for sys/types.h
configure:7384: gcc -c -g -O2  conftest.c >&5
configure:7390: $? = 0
configure:7406: result: yes
configure:7363: checking for sys/stat.h
configure:7384: gcc -c -g -O2  conftest.c >&5
configure:7390: $? = 0
configure:7406: result: yes
configure:7363: checking for stdlib.h
configure:7384: gcc -c -g -O2  conftest.c >&5
configure:7390: $? = 0
configure:7406: result: yes
configure:7363: checking for string.h
configure:7384: gcc -c -g -O2  conftest.c >&5
configure:7390: $? = 0
configure:7406: result: yes
configure:7363: checking for memory.h
configure:7384: gcc -c -g -O2  conftest.c >&5
configure:7390: $? = 0
configure:7406: result: yes
configure:7363: checking for strings.h
configure:7384: gcc -c -g -O2  conftest.c >&5
configure:7390: $? = 0
configure:7406: result: yes
configure:7363: checking for inttypes.h
configure:7384: gcc -c -g -O2  conftest.c >&5
configure:7390: $? = 0
configure:7406: result: yes
configure:7363: checking for stdint.h
configure:7384: gcc -c -g -O2  conftest.c >&5
configure:7390: $? = 0
configure:7406: result: yes
configure:7363: checking for unistd.h
configure:7384: gcc -c -g -O2  conftest.c >&5
configure:7390: $? = 0
configure:7406: result: yes
configure:7422: checking for dlfcn.h
configure:7443: gcc -c -g -O2  conftest.c >&5
configure:7449: $? = 0
configure:7465: result: yes
configure:7653: checking for objdir
configure:7668: result: .libs
configure:7939: checking if gcc supports -fno-rtti -fno-exceptions
configure:7957: gcc -c -g -O2  -fno-rtti -fno-exceptions conftest.c >&5
cc1: warning: command line option "-fno-rtti" is valid for C++/ObjC++ but not for C
configure:7961: $? = 0
configure:7974: result: no
configure:7994: checking for gcc option to produce PIC
configure:8279: result: -fno-common -DPIC
configure:8291: checking if gcc PIC flag -fno-common -DPIC works
configure:8309: gcc -c -g -O2  -fno-common -DPIC -DPIC conftest.c >&5
configure:8313: $? = 0
configure:8326: result: yes
configure:8350: checking if gcc static flag -static works
configure:8378: result: no
configure:8393: checking if gcc supports -c -o file.o
configure:8414: gcc -c -g -O2  -o out/conftest2.o conftest.c >&5
configure:8418: $? = 0
configure:8440: result: yes
configure:8448: checking if gcc supports -c -o file.o
configure:8495: result: yes
configure:8528: checking whether the gcc linker (/usr/llvm-gcc-4.2/libexec/gcc/i686-apple-darwin11/4.2.1/ld) supports shared libraries
configure:9679: result: yes
configure:9924: checking dynamic linker characteristics
configure:10629: result: darwin11.2.0 dyld
configure:10736: checking how to hardcode library paths into programs
configure:10761: result: immediate
configure:11586: checking whether stripping libraries is possible
configure:11600: result: yes
configure:11626: checking if libtool supports shared libraries
configure:11628: result: yes
configure:11631: checking whether to build shared libraries
configure:11652: result: yes
configure:11655: checking whether to build static libraries
configure:11659: result: yes
configure:11682: checking how to run the C++ preprocessor
configure:11718: g++ -E  conftest.cpp
configure:11724: $? = 0
configure:11755: g++ -E  conftest.cpp
conftest.cpp:22:28: error: ac_nonexistent.h: No such file or directory
configure:11761: $? = 1
configure: failed program was:
| /* confdefs.h.  */
| #define PACKAGE_NAME "haggle"
| #define PACKAGE_TARNAME "haggle"
| #define PACKAGE_VERSION "0.4"
| #define PACKAGE_STRING "haggle 0.4"
| #define PACKAGE_BUGREPORT "haggle-developer@googlegroups.com"
| #define PACKAGE "haggle"
| #define VERSION "0.4"
| #define STDC_HEADERS 1
| #define HAVE_SYS_TYPES_H 1
| #define HAVE_SYS_STAT_H 1
| #define HAVE_STDLIB_H 1
| #define HAVE_STRING_H 1
| #define HAVE_MEMORY_H 1
| #define HAVE_STRINGS_H 1
| #define HAVE_INTTYPES_H 1
| #define HAVE_STDINT_H 1
| #define HAVE_UNISTD_H 1
| #define HAVE_DLFCN_H 1
| #define LT_OBJDIR ".libs/"
| /* end confdefs.h.  */
| #include <ac_nonexistent.h>
configure:11794: result: g++ -E
configure:11823: g++ -E  conftest.cpp
configure:11829: $? = 0
configure:11860: g++ -E  conftest.cpp
conftest.cpp:22:28: error: ac_nonexistent.h: No such file or directory
configure:11866: $? = 1
configure: failed program was:
| /* confdefs.h.  */
| #define PACKAGE_NAME "haggle"
| #define PACKAGE_TARNAME "haggle"
| #define PACKAGE_VERSION "0.4"
| #define PACKAGE_STRING "haggle 0.4"
| #define PACKAGE_BUGREPORT "haggle-developer@googlegroups.com"
| #define PACKAGE "haggle"
| #define VERSION "0.4"
| #define STDC_HEADERS 1
| #define HAVE_SYS_TYPES_H 1
| #define HAVE_SYS_STAT_H 1
| #define HAVE_STDLIB_H 1
| #define HAVE_STRING_H 1
| #define HAVE_MEMORY_H 1
| #define HAVE_STRINGS_H 1
| #define HAVE_INTTYPES_H 1
| #define HAVE_STDINT_H 1
| #define HAVE_UNISTD_H 1
| #define HAVE_DLFCN_H 1
| #define LT_OBJDIR ".libs/"
| /* end confdefs.h.  */
| #include <ac_nonexistent.h>
configure:12043: checking for ld used by g++
configure:12110: result: /usr/llvm-gcc-4.2/libexec/gcc/i686-apple-darwin11/4.2.1/ld
configure:12119: checking if the linker (/usr/llvm-gcc-4.2/libexec/gcc/i686-apple-darwin11/4.2.1/ld) is GNU ld
configure:12134: result: no
configure:12189: checking whether the g++ linker (/usr/llvm-gcc-4.2/libexec/gcc/i686-apple-darwin11/4.2.1/ld) supports shared libraries
configure:13175: result: yes
configure:13203: g++ -c -g -O2  conftest.cpp >&5
configure:13206: $? = 0
configure:13388: checking for g++ option to produce PIC
configure:13710: result: -fno-common -DPIC
configure:13719: checking if g++ PIC flag -fno-common -DPIC works
configure:13737: g++ -c -g -O2  -fno-common -DPIC -DPIC conftest.cpp >&5
configure:13741: $? = 0
configure:13754: result: yes
configure:13775: checking if g++ static flag -static works
configure:13803: result: no
configure:13815: checking if g++ supports -c -o file.o
configure:13836: g++ -c -g -O2  -o out/conftest2.o conftest.cpp >&5
configure:13840: $? = 0
configure:13862: result: yes
configure:13867: checking if g++ supports -c -o file.o
configure:13914: result: yes
configure:13944: checking whether the g++ linker (/usr/llvm-gcc-4.2/libexec/gcc/i686-apple-darwin11/4.2.1/ld) supports shared libraries
configure:13972: result: yes
configure:14115: checking dynamic linker characteristics
configure:14754: result: darwin11.2.0 dyld
configure:14807: checking how to hardcode library paths into programs
configure:14832: result: immediate
configure:14903: checking for a BSD-compatible install
configure:14959: result: /usr/bin/install -c
configure:14992: checking for Linux
configure:15000: result: false
configure:15005: checking for MacOS X
configure:15014: result: true
configure:15019: checking for iPhoneOS
configure:15028: result: false
configure:15099: checking for an ANSI C-conforming const
configure:15174: gcc -c -g -O2 -Wall  -DOS_MACOSX conftest.c >&5
configure:15180: $? = 0
configure:15195: result: yes
configure:15207: checking for ANSI C header files
configure:15371: result: yes
configure:15403: checking arpa/inet.h usability
configure:15420: gcc -c -g -O2 -Wall  -DOS_MACOSX conftest.c >&5
configure:15426: $? = 0
configure:15440: result: yes
configure:15444: checking arpa/inet.h presence
configure:15459: gcc -E  -DOS_MACOSX conftest.c
configure:15465: $? = 0
configure:15479: result: yes
configure:15512: checking for arpa/inet.h
configure:15520: result: yes
configure:15403: checking netinet/in.h usability
configure:15420: gcc -c -g -O2 -Wall  -DOS_MACOSX conftest.c >&5
configure:15426: $? = 0
configure:15440: result: yes
configure:15444: checking netinet/in.h presence
configure:15459: gcc -E  -DOS_MACOSX conftest.c
configure:15465: $? = 0
configure:15479: result: yes
configure:15512: checking for netinet/in.h
configure:15520: result: yes
configure:15393: checking for stdlib.h
configure:15399: result: yes
configure:15393: checking for string.h
configure:15399: result: yes
configure:15403: checking sys/socket.h usability
configure:15420: gcc -c -g -O2 -Wall  -DOS_MACOSX conftest.c >&5
configure:15426: $? = 0
configure:15440: result: yes
configure:15444: checking sys/socket.h presence
configure:15459: gcc -E  -DOS_MACOSX conftest.c
configure:15465: $? = 0
configure:15479: result: yes
configure:15512: checking for sys/socket.h
configure:15520: result: yes
configure:15403: checking sys/time.h usability
configure:15420: gcc -c -g -O2 -Wall  -DOS_MACOSX conftest.c >&5
configure:15426: $? = 0
configure:15440: result: yes
configure:15444: checking sys/time.h presence
configure:15459: gcc -E  -DOS_MACOSX conftest.c
configure:15465: $? = 0
configure:15479: result: yes
configure:15512: checking for sys/time.h
configure:15520: result: yes
configure:15393: checking for unistd.h
configure:15399: result: yes
configure:15403: checking pthread.h usability
configure:15420: gcc -c -g -O2 -Wall  -DOS_MACOSX conftest.c >&5
configure:15426: $? = 0
configure:15440: result: yes
configure:15444: checking pthread.h presence
configure:15459: gcc -E  -DOS_MACOSX conftest.c
configure:15465: $? = 0
configure:15479: result: yes
configure:15512: checking for pthread.h
configure:15520: result: yes
configure:15836: checking for xml2-config
configure:15854: found /usr/bin/xml2-config
configure:15867: result: /usr/bin/xml2-config
configure:15876: checking for libxml - version >= 2.4.0
configure:15988: gcc -o conftest -g -O2 -Wall  -DOS_MACOSX -I/usr/include/libxml2  conftest.c -lxml2 -lz -lpthread -licucore -lm  >&5
configure:15991: $? = 0
configure:15997: ./conftest
configure:16000: $? = 0
configure:16021: result: yes (version 2.7.3)
configure:16132: checking for RSA_sign in -lcrypto
configure:16167: gcc -o conftest -g -O2 -Wall  -DOS_MACOSX  conftest.c -lcrypto   >&5
configure:16173: $? = 0
configure:16191: result: yes
configure:16209: checking openssl/rsa.h usability
configure:16226: gcc -c -g -O2 -Wall  -DOS_MACOSX conftest.c >&5
configure:16232: $? = 0
configure:16246: result: yes
configure:16250: checking openssl/rsa.h presence
configure:16265: gcc -E  -DOS_MACOSX conftest.c
configure:16271: $? = 0
configure:16285: result: yes
configure:16318: checking for openssl/rsa.h
configure:16326: result: yes
configure:16383: checking for sqlite3_open in -lsqlite3
configure:16418: gcc -o conftest -g -O2 -Wall  -DOS_MACOSX  conftest.c -lsqlite3   >&5
configure:16424: $? = 0
configure:16442: result: yes
configure:16460: checking sqlite3.h usability
configure:16477: gcc -c -g -O2 -Wall  -DOS_MACOSX conftest.c >&5
configure:16483: $? = 0
configure:16497: result: yes
configure:16501: checking sqlite3.h presence
configure:16516: gcc -E  -DOS_MACOSX conftest.c
configure:16522: $? = 0
configure:16536: result: yes
configure:16569: checking for sqlite3.h
configure:16577: result: yes
configure:17446: checking iconv.h usability
configure:17463: gcc -c -g -O2 -Wall  -DOS_MACOSX conftest.c >&5
configure:17469: $? = 0
configure:17483: result: yes
configure:17487: checking iconv.h presence
configure:17502: gcc -E  -DOS_MACOSX conftest.c
configure:17508: $? = 0
configure:17522: result: yes
configure:17555: checking for iconv.h
configure:17563: result: yes
configure:17581: checking for EXTRACTOR_binaryEncode in -lextractor
configure:17616: gcc -o conftest -g -O2 -Wall  -DOS_MACOSX  conftest.c -lextractor   >&5
ld: library not found for -lextractor
collect2: ld returned 1 exit status
configure:17622: $? = 1
configure: failed program was:
| /* confdefs.h.  */
| #define PACKAGE_NAME "haggle"
| #define PACKAGE_TARNAME "haggle"
| #define PACKAGE_VERSION "0.4"
| #define PACKAGE_STRING "haggle 0.4"
| #define PACKAGE_BUGREPORT "haggle-developer@googlegroups.com"
| #define PACKAGE "haggle"
| #define VERSION "0.4"
| #define STDC_HEADERS 1
| #define HAVE_SYS_TYPES_H 1
| #define HAVE_SYS_STAT_H 1
| #define HAVE_STDLIB_H 1
| #define HAVE_STRING_H 1
| #define HAVE_MEMORY_H 1
| #define HAVE_STRINGS_H 1
| #define HAVE_INTTYPES_H 1
| #define HAVE_STDINT_H 1
| #define HAVE_UNISTD_H 1
| #define HAVE_DLFCN_H 1
| #define LT_OBJDIR ".libs/"
| #define STDC_HEADERS 1
| #define HAVE_ARPA_INET_H 1
| #define HAVE_NETINET_IN_H 1
| #define HAVE_STDLIB_H 1
| #define HAVE_STRING_H 1
| #define HAVE_SYS_SOCKET_H 1
| #define HAVE_SYS_TIME_H 1
| #define HAVE_UNISTD_H 1
| #define HAVE_PTHREAD_H 1
| #define HAVE_OPENSSL_RSA_H 1
| #define HAVE_SQLITE3_H 1
| #define HAVE_ICONV_H 1
| /* end confdefs.h.  */
| 
| /* Override any GCC internal prototype to avoid an error.
|    Use char because int might match the return type of a GCC
|    builtin and then its argument prototype would still apply.  */
| #ifdef __cplusplus
| extern "C"
| #endif
| char EXTRACTOR_binaryEncode ();
| int
| main ()
| {
| return EXTRACTOR_binaryEncode ();
|   ;
|   return 0;
| }
configure:17640: result: no
configure:17792: result: extractor library not found...
configure:17797: checking for Extractor
configure:17799: result: no
configure:17846: checking IOBluetooth/Bluetooth.h usability
configure:17863: gcc -c -g -O2 -Wall  -DOS_MACOSX conftest.c >&5
configure:17869: $? = 0
configure:17883: result: yes
configure:17887: checking IOBluetooth/Bluetooth.h presence
configure:17902: gcc -E  -DOS_MACOSX conftest.c
configure:17908: $? = 0
configure:17922: result: yes
configure:17955: checking for IOBluetooth/Bluetooth.h
configure:17963: result: yes
configure:17979: checking for Bluetooth
configure:17981: result: yes
configure:18388: checking for javac
configure:18404: found /usr/bin/javac
configure:18415: result: javac
configure:18423: checking for jni.h
configure:18445: result: yes
configure:18499: checking for apkbuilder
configure:18527: result: yes
configure:18537: checking for apkbuilder
configure:18555: found /Applications/android-sdk-mac_x86/tools/apkbuilder
configure:18567: result: /Applications/android-sdk-mac_x86/tools/apkbuilder
configure:18633: checking for ant
configure:18649: found /usr/bin/ant
configure:18661: result: yes
configure:18999: creating ./config.status

## ---------------------- ##
## Running config.status. ##
## ---------------------- ##

This file was extended by haggle config.status 0.4, which was
generated by GNU Autoconf 2.61.  Invocation command line was

  CONFIG_FILES    = 
  CONFIG_HEADERS  = 
  CONFIG_LINKS    = 
  CONFIG_COMMANDS = 
  $ ./config.status 

on dynamic-oit-vapornet-d-619.princeton.edu

config.status:1030: creating Makefile
config.status:1030: creating src/libhaggle/Doxyfile
config.status:1030: creating src/libcpphaggle/Doxyfile
config.status:1030: creating src/hagglekernel/Doxyfile
config.status:1030: creating extlibs/sqlite-3.7.0.1/Makefile
config.status:1030: creating doc/Makefile
config.status:1030: creating src/Makefile
config.status:1030: creating src/utils/Makefile
config.status:1030: creating src/filedrop/Makefile
config.status:1030: creating src/libhaggle/Makefile
config.status:1030: creating src/libhaggle/jni/Makefile
config.status:1030: creating src/libhaggle/jni/native/Makefile
config.status:1030: creating src/libhaggle/jni/java/org/haggle/Makefile
config.status:1030: creating src/libcpphaggle/Makefile
config.status:1030: creating src/experimental/Makefile
config.status:1030: creating src/bbs/Makefile
config.status:1030: creating src/proxy/Makefile
config.status:1030: creating src/clitool/Makefile
config.status:1030: creating src/luckyMe/Makefile
config.status:1030: creating src/tests/test01/Makefile
config.status:1030: creating src/webserver/Makefile
config.status:1030: creating src/hagglekernel/Makefile
config.status:1030: creating testsuite/Makefile
config.status:1030: creating testsuite/test_thread/Makefile
config.status:1030: creating testsuite/test_mutex/Makefile
config.status:1030: creating testsuite/test_condition/Makefile
config.status:1030: creating testsuite/test_metadata/Makefile
config.status:1030: creating testsuite/test_libcpphaggle/Makefile
config.status:1030: creating testsuite/test_Queue/Makefile
config.status:1030: creating testsuite/test_utils/Makefile
config.status:1030: creating testsuite/test_dObj/Makefile
config.status:1030: creating testsuite/test_kernel/Makefile
config.status:1030: creating testsuite/test_security/Makefile
config.status:1030: creating android/Makefile
config.status:1030: creating android/PhotoShare/Makefile
config.status:1030: creating android/PhotoShare/local.properties
config.status:1030: creating android/LuckyMe/Makefile
config.status:1030: creating android/LuckyMe/local.properties
config.status:1030: creating android/Haggle/Makefile
config.status:1030: creating android/Haggle/local.properties
config.status:1030: creating config.h
config.status:1276: config.h is unchanged
config.status:1322: executing depfiles commands
config.status:1322: executing libtool commands

## ---------------- ##
## Cache variables. ##
## ---------------- ##

ac_cv_build=i386-apple-darwin11.2.0
ac_cv_c_compiler_gnu=yes
ac_cv_c_const=yes
ac_cv_cxx_compiler_gnu=yes
ac_cv_env_CCC_set=
ac_cv_env_CCC_value=
ac_cv_env_CC_set=
ac_cv_env_CC_value=
ac_cv_env_CFLAGS_set=
ac_cv_env_CFLAGS_value=
ac_cv_env_CPPFLAGS_set=
ac_cv_env_CPPFLAGS_value=
ac_cv_env_CPP_set=
ac_cv_env_CPP_value=
ac_cv_env_CXXCPP_set=
ac_cv_env_CXXCPP_value=
ac_cv_env_CXXFLAGS_set=
ac_cv_env_CXXFLAGS_value=
ac_cv_env_CXX_set=
ac_cv_env_CXX_value=
ac_cv_env_JAVA_HOME_set=
ac_cv_env_JAVA_HOME_value=
ac_cv_env_LDFLAGS_set=
ac_cv_env_LDFLAGS_value=
ac_cv_env_LIBS_set=
ac_cv_env_LIBS_value=
ac_cv_env_OPENSSL_DIR_set=
ac_cv_env_OPENSSL_DIR_value=
ac_cv_env_build_alias_set=
ac_cv_env_build_alias_value=
ac_cv_env_host_alias_set=
ac_cv_env_host_alias_value=
ac_cv_env_target_alias_set=
ac_cv_env_target_alias_value=
ac_cv_header_IOBluetooth_Bluetooth_h=yes
ac_cv_header_arpa_inet_h=yes
ac_cv_header_dlfcn_h=yes
ac_cv_header_iconv_h=yes
ac_cv_header_inttypes_h=yes
ac_cv_header_memory_h=yes
ac_cv_header_netinet_in_h=yes
ac_cv_header_openssl_rsa_h=yes
ac_cv_header_pthread_h=yes
ac_cv_header_sqlite3_h=yes
ac_cv_header_stdc=yes
ac_cv_header_stdint_h=yes
ac_cv_header_stdlib_h=yes
ac_cv_header_string_h=yes
ac_cv_header_strings_h=yes
ac_cv_header_sys_socket_h=yes
ac_cv_header_sys_stat_h=yes
ac_cv_header_sys_time_h=yes
ac_cv_header_sys_types_h=yes
ac_cv_header_unistd_h=yes
ac_cv_host=i386-apple-darwin11.2.0
ac_cv_lib_crypto_RSA_sign=yes
ac_cv_lib_extractor_EXTRACTOR_binaryEncode=no
ac_cv_lib_sqlite3_sqlite3_open=yes
ac_cv_objext=o
ac_cv_path_EGREP='/usr/bin/grep -E'
ac_cv_path_FGREP='/usr/bin/grep -F'
ac_cv_path_GREP=/usr/bin/grep
ac_cv_path_SED=/usr/bin/sed
ac_cv_path_XML2_CONFIG=/usr/bin/xml2-config
ac_cv_path_install='/usr/bin/install -c'
ac_cv_path_sdk_path=/Applications/android-sdk-mac_x86/tools/apkbuilder
ac_cv_prog_AWK=awk
ac_cv_prog_CPP='gcc -E'
ac_cv_prog_CXXCPP='g++ -E'
ac_cv_prog_JAVA=javac
ac_cv_prog_ac_ct_AR=ar
ac_cv_prog_ac_ct_CC=gcc
ac_cv_prog_ac_ct_CXX=g++
ac_cv_prog_ac_ct_DSYMUTIL=dsymutil
ac_cv_prog_ac_ct_LIPO=lipo
ac_cv_prog_ac_ct_NMEDIT=nmedit
ac_cv_prog_ac_ct_OTOOL=otool
ac_cv_prog_ac_ct_RANLIB=ranlib
ac_cv_prog_ac_ct_STRIP=strip
ac_cv_prog_cc_c89=
ac_cv_prog_cc_g=yes
ac_cv_prog_cxx_g=yes
ac_cv_prog_have_android_sdk=yes
ac_cv_prog_have_ant=yes
ac_cv_prog_make_make_set=yes
ac_cv_target=i386-apple-darwin11.2.0
am_cv_CC_dependencies_compiler_type=gcc3
am_cv_CXX_dependencies_compiler_type=gcc3
lt_cv_apple_cc_single_mod=yes
lt_cv_deplibs_check_method=pass_all
lt_cv_file_magic_cmd='$MAGIC_CMD'
lt_cv_file_magic_test_file=
lt_cv_ld_exported_symbols_list=yes
lt_cv_ld_force_load=yes
lt_cv_ld_reload_flag=-r
lt_cv_nm_interface='BSD nm'
lt_cv_objdir=.libs
lt_cv_path_LD=/usr/llvm-gcc-4.2/libexec/gcc/i686-apple-darwin11/4.2.1/ld
lt_cv_path_LDCXX=/usr/llvm-gcc-4.2/libexec/gcc/i686-apple-darwin11/4.2.1/ld
lt_cv_path_NM=/usr/bin/nm
lt_cv_prog_compiler_c_o=yes
lt_cv_prog_compiler_c_o_CXX=yes
lt_cv_prog_compiler_pic_works=yes
lt_cv_prog_compiler_pic_works_CXX=yes
lt_cv_prog_compiler_rtti_exceptions=no
lt_cv_prog_compiler_static_works=no
lt_cv_prog_compiler_static_works_CXX=no
lt_cv_prog_gnu_ld=no
lt_cv_prog_gnu_ldcxx=no
lt_cv_sys_global_symbol_pipe='sed -n -e '\''s/^.*[	 ]\([BCDEGRST][BCDEGRST]*\)[	 ][	 ]*_\([_A-Za-z][_A-Za-z0-9]*\)$/\1 _\2 \2/p'\'''
lt_cv_sys_global_symbol_to_c_name_address='sed -n -e '\''s/^: \([^ ]*\) $/  {\"\1\", (void *) 0},/p'\'' -e '\''s/^[BCDEGRST]* \([^ ]*\) \([^ ]*\)$/  {"\2", (void *) \&\2},/p'\'''
lt_cv_sys_global_symbol_to_c_name_address_lib_prefix='sed -n -e '\''s/^: \([^ ]*\) $/  {\"\1\", (void *) 0},/p'\'' -e '\''s/^[BCDEGRST]* \([^ ]*\) \(lib[^ ]*\)$/  {"\2", (void *) \&\2},/p'\'' -e '\''s/^[BCDEGRST]* \([^ ]*\) \([^ ]*\)$/  {"lib\2", (void *) \&\2},/p'\'''
lt_cv_sys_global_symbol_to_cdecl='sed -n -e '\''s/^T .* \(.*\)$/extern int \1();/p'\'' -e '\''s/^[BCDEGRST]* .* \(.*\)$/extern char \1;/p'\'''
lt_cv_sys_max_cmd_len=196608

## ----------------- ##
## Output variables. ##
## ----------------- ##

ACLOCAL='${SHELL} /Users/Amy/Documents/Junior_Year/COS_397/Haggle_stuff/checked_out/haggle/missing --run aclocal-1.10'
AMDEPBACKSLASH='\'
AMDEP_FALSE='#'
AMDEP_TRUE=''
AMTAR='${SHELL} /Users/Amy/Documents/Junior_Year/COS_397/Haggle_stuff/checked_out/haggle/missing --run tar'
ANDROID_SDK_PATH='/Applications/android-sdk-mac_x86'
AR='ar'
AUTOCONF='${SHELL} /Users/Amy/Documents/Junior_Year/COS_397/Haggle_stuff/checked_out/haggle/missing --run autoconf'
AUTOHEADER='${SHELL} /Users/Amy/Documents/Junior_Year/COS_397/Haggle_stuff/checked_out/haggle/missing --run autoheader'
AUTOMAKE='${SHELL} /Users/Amy/Documents/Junior_Year/COS_397/Haggle_stuff/checked_out/haggle/missing --run automake-1.10'
AWK='awk'
BENCHMARK_FALSE=''
BENCHMARK_TRUE='#'
BUNDLED_SQLITE_FALSE=''
BUNDLED_SQLITE_TRUE='#'
CC='gcc'
CCDEPMODE='depmode=gcc3'
CFLAGS='-g -O2 -Wall'
CPP='gcc -E'
CPPFLAGS=' -DOS_MACOSX -DENABLE_BLUETOOTH -DENABLE_ETHERNET -DDEBUG'
CXX='g++'
CXXCPP='g++ -E'
CXXDEPMODE='depmode=gcc3'
CXXFLAGS='-g -O2 -Wall -fno-rtti'
CYGPATH_W='echo'
DBUS_INCLUDES=''
DBUS_LIBS=''
DEBUG_FALSE='#'
DEBUG_LEAKS_FALSE=''
DEBUG_LEAKS_TRUE='#'
DEBUG_MANAGER_FALSE='#'
DEBUG_MANAGER_TRUE=''
DEBUG_TRUE=''
DEFS='-DHAVE_CONFIG_H'
DEPDIR='.deps'
DOCS_FALSE=''
DOCS_TRUE='#'
DSYMUTIL='dsymutil'
DUMPBIN=''
ECHO_C='ECHO_N=''
ECHO_T=''
EGREP='/usr/bin/grep -E'
ENABLE_BLUETOOTH_FALSE='#'
ENABLE_BLUETOOTH_TRUE=''
ENABLE_ETHERNET_FALSE='#'
ENABLE_ETHERNET_TRUE=''
ENABLE_FILEDROP_FALSE='#'
ENABLE_FILEDROP_TRUE=''
ENABLE_IPv6_FALSE=''
ENABLE_IPv6_TRUE='#'
ENABLE_MEDIA_FALSE=''
ENABLE_MEDIA_TRUE='#'
ENABLE_STL_FALSE=''
ENABLE_STL_TRUE='#'
EXEEXT=''
EXTRACTOR_CFLAGS=''
EXTRACTOR_LIBS=''
FGREP='/usr/bin/grep -F'
GREP='/usr/bin/grep'
HAVE_ANDROID_SDK_FALSE='#'
HAVE_ANDROID_SDK_TRUE=''
HAVE_DBUS_FALSE=''
HAVE_DBUS_TRUE='#'
HAVE_EXCEPTION_FALSE='#'
HAVE_EXCEPTION_TRUE=''
HAVE_EXTRACTOR_FALSE=''
HAVE_EXTRACTOR_TRUE='#'
HAVE_INOTIFY_FALSE=''
HAVE_INOTIFY_TRUE='#'
INSTALL_DATA='${INSTALL} -m 644'
INSTALL_PROGRAM='${INSTALL}'
INSTALL_SCRIPT='${INSTALL}'
INSTALL_STRIP_PROGRAM='$(install_sh) -c -s'
JAVA='javac'
JAVA_BINDINGS_FALSE='#'
JAVA_BINDINGS_TRUE=''
JAVA_HOME=''
JAVA_INCLUDE='-I/System/Library/Frameworks/JavaVM.framework/Versions/Current/Headers -I/System/Library/Frameworks/JavaVM.framework/Versions/Current/Headers/darwin'
LD='/usr/llvm-gcc-4.2/libexec/gcc/i686-apple-darwin11/4.2.1/ld'
LDFLAGS=''
LIBOBJS=''
LIBS=''
LIBTOOL='$(SHELL) $(top_builddir)/libtool'
LIPO='lipo'
LN_S='ln -s'
LTLIBOBJS=''
MAKEINFO='${SHELL} /Users/Amy/Documents/Junior_Year/COS_397/Haggle_stuff/checked_out/haggle/missing --run makeinfo'
NM='/usr/bin/nm'
NMEDIT='nmedit'
OBJDUMP='false'
OBJEXT='o'
OMNETPP_FALSE=''
OMNETPP_TRUE='#'
OPENSSL_DIR=''
OPENSSL_INCLUDE_DIR=''
OPENSSL_LIB_DIR=''
OS_IPHONEOS_FALSE=''
OS_IPHONEOS_TRUE='#'
OS_LINUX_FALSE=''
OS_LINUX_TRUE='#'
OS_MACOSX_FALSE='#'
OS_MACOSX_TRUE=''
OS_WINDOWS_FALSE=''
OS_WINDOWS_MOBILE_FALSE=''
OS_WINDOWS_MOBILE_TRUE='#'
OS_WINDOWS_TRUE='#'
OS_WINDOWS_XP_FALSE=''
OS_WINDOWS_XP_TRUE='#'
OTOOL64=':'
OTOOL='otool'
PACKAGE='haggle'
PACKAGE_BUGREPORT='haggle-developer@googlegroups.com'
PACKAGE_NAME='haggle'
PACKAGE_STRING='haggle 0.4'
PACKAGE_TARNAME='haggle'
PACKAGE_VERSION='0.4'
PATH_SEPARATOR=':'
RANLIB='ranlib'
SED='/usr/bin/sed'
SET_MAKE=''
SHELL='/bin/sh'
SQLITE_INCLUDE_DIR=''
SQLITE_LIB_DIR=''
SQLITE_SUBDIR='extlibs/sqlite-3.7.0.1'
SQLITE_VERSION='3.7.0.1'
STRIP='strip'
USE_UNIX_APPLICATION_SOCKET_FALSE=''
USE_UNIX_APPLICATION_SOCKET_TRUE='#'
VERSION='0.4'
XML2_CONFIG='/usr/bin/xml2-config'
XML_CPPFLAGS='-I/usr/include/libxml2'
XML_LIBS='-lxml2 -lz -lpthread -licucore -lm'
ac_ct_CC='gcc'
ac_ct_CXX='g++'
ac_ct_DUMPBIN=''
am__fastdepCC_FALSE='#'
am__fastdepCC_TRUE=''
am__fastdepCXX_FALSE='#'
am__fastdepCXX_TRUE=''
am__include='include'
am__isrc=''
am__leading_dot='.'
am__quote=''
am__tar='${AMTAR} chof - "$$tardir"'
am__untar='${AMTAR} xf -'
bindir='${exec_prefix}/bin'
build='i386-apple-darwin11.2.0'
build_alias=''
build_cpu='i386'
build_os='darwin11.2.0'
build_vendor='apple'
datadir='${datarootdir}'
datarootdir='${prefix}/share'
docdir='${datarootdir}/doc/${PACKAGE_TARNAME}'
dvidir='${docdir}'
exec_prefix='${prefix}'
have_android_sdk='yes'
have_ant='yes'
have_doxygen=''
host='i386-apple-darwin11.2.0'
host_alias=''
host_cpu='i386'
host_os='darwin11.2.0'
host_vendor='apple'
htmldir='${docdir}'
includedir='${prefix}/include'
infodir='${datarootdir}/info'
install_sh='$(SHELL) /Users/Amy/Documents/Junior_Year/COS_397/Haggle_stuff/checked_out/haggle/install-sh'
libdir='${exec_prefix}/lib'
libexecdir='${exec_prefix}/libexec'
localedir='${datarootdir}/locale'
localstatedir='${prefix}/var'
mandir='${datarootdir}/man'
mkdir_p='$(top_builddir)/./install-sh -c -d'
oldincludedir='/usr/include'
pdfdir='${docdir}'
prefix='/usr/local'
program_transform_name='s,x,x,'
psdir='${docdir}'
sbindir='${exec_prefix}/sbin'
sdk_path='/Applications/android-sdk-mac_x86'
sharedstatedir='${prefix}/com'
sysconfdir='${prefix}/etc'
target='i386-apple-darwin11.2.0'
target_alias=''
target_cpu='i386'
target_os='darwin11.2.0'
target_vendor='apple'

## ----------- ##
## confdefs.h. ##
## ----------- ##

#define PACKAGE_NAME "haggle"
#define PACKAGE_TARNAME "haggle"
#define PACKAGE_VERSION "0.4"
#define PACKAGE_STRING "haggle 0.4"
#define PACKAGE_BUGREPORT "haggle-developer@googlegroups.com"
#define PACKAGE "haggle"
#define VERSION "0.4"
#define STDC_HEADERS 1
#define HAVE_SYS_TYPES_H 1
#define HAVE_SYS_STAT_H 1
#define HAVE_STDLIB_H 1
#define HAVE_STRING_H 1
#define HAVE_MEMORY_H 1
#define HAVE_STRINGS_H 1
#define HAVE_INTTYPES_H 1
#define HAVE_STDINT_H 1
#define HAVE_UNISTD_H 1
#define HAVE_DLFCN_H 1
#define LT_OBJDIR ".libs/"
#define STDC_HEADERS 1
#define HAVE_ARPA_INET_H 1
#define HAVE_NETINET_IN_H 1
#define HAVE_STDLIB_H 1
#define HAVE_STRING_H 1
#define HAVE_SYS_SOCKET_H 1
#define HAVE_SYS_TIME_H 1
#define HAVE_UNISTD_H 1
#define HAVE_PTHREAD_H 1
#define HAVE_OPENSSL_RSA_H 1
#define HAVE_SQLITE3_H 1
#define HAVE_ICONV_H 1
#define HAVE_IOBLUETOOTH_BLUETOOTH_H 1
#define ENABLE_BLUETOOTH 1
#define ENABLE_ETHERNET 1
#define ENABLE_FILEDROP 1
#define OMNETPP 0
#define HAVE_ANDROID_SDK test x$have_android_sdk = xyes

configure: exit 0
